{"C:\\Users\\PC\\OneDrive\\Desktop\\movie-prj\\build\\controllers\\login.js": {"path":"C:\\Users\\PC\\OneDrive\\Desktop\\movie-prj\\build\\controllers\\login.js","all":false,"statementMap":{"0":{"start":{"line":1,"column":0},"end":{"line":1,"column":13}},"1":{"start":{"line":2,"column":0},"end":{"line":2,"column":90}},"2":{"start":{"line":3,"column":0},"end":{"line":3,"column":112}},"3":{"start":{"line":4,"column":0},"end":{"line":4,"column":64}},"4":{"start":{"line":5,"column":0},"end":{"line":5,"column":99}},"5":{"start":{"line":6,"column":0},"end":{"line":6,"column":102}},"6":{"start":{"line":7,"column":0},"end":{"line":7,"column":118}},"7":{"start":{"line":8,"column":0},"end":{"line":8,"column":78}},"8":{"start":{"line":9,"column":0},"end":{"line":9,"column":7}},"9":{"start":{"line":10,"column":0},"end":{"line":10,"column":2}},"10":{"start":{"line":11,"column":0},"end":{"line":11,"column":72}},"11":{"start":{"line":12,"column":0},"end":{"line":12,"column":62}},"12":{"start":{"line":13,"column":0},"end":{"line":13,"column":2}},"13":{"start":{"line":14,"column":0},"end":{"line":14,"column":62}},"14":{"start":{"line":15,"column":0},"end":{"line":15,"column":63}},"15":{"start":{"line":16,"column":0},"end":{"line":16,"column":42}},"16":{"start":{"line":17,"column":0},"end":{"line":17,"column":40}},"17":{"start":{"line":18,"column":0},"end":{"line":18,"column":13}},"18":{"start":{"line":19,"column":0},"end":{"line":19,"column":86}},"19":{"start":{"line":20,"column":0},"end":{"line":20,"column":44}},"20":{"start":{"line":21,"column":0},"end":{"line":21,"column":71}},"21":{"start":{"line":22,"column":0},"end":{"line":22,"column":24}},"22":{"start":{"line":23,"column":0},"end":{"line":23,"column":18}},"23":{"start":{"line":24,"column":0},"end":{"line":24,"column":27}},"24":{"start":{"line":25,"column":0},"end":{"line":25,"column":38}},"25":{"start":{"line":26,"column":0},"end":{"line":26,"column":11}},"26":{"start":{"line":27,"column":0},"end":{"line":27,"column":5}},"27":{"start":{"line":28,"column":0},"end":{"line":28,"column":75}},"28":{"start":{"line":29,"column":0},"end":{"line":29,"column":27}},"29":{"start":{"line":30,"column":0},"end":{"line":30,"column":44}},"30":{"start":{"line":31,"column":0},"end":{"line":31,"column":73}},"31":{"start":{"line":32,"column":0},"end":{"line":32,"column":49}},"32":{"start":{"line":33,"column":0},"end":{"line":33,"column":51}},"33":{"start":{"line":34,"column":0},"end":{"line":34,"column":55}},"34":{"start":{"line":35,"column":0},"end":{"line":35,"column":15}},"35":{"start":{"line":36,"column":0},"end":{"line":36,"column":28}},"36":{"start":{"line":37,"column":0},"end":{"line":37,"column":22}},"37":{"start":{"line":38,"column":0},"end":{"line":38,"column":30}},"38":{"start":{"line":39,"column":0},"end":{"line":39,"column":33}},"39":{"start":{"line":40,"column":0},"end":{"line":40,"column":15}},"40":{"start":{"line":41,"column":0},"end":{"line":41,"column":9}},"41":{"start":{"line":42,"column":0},"end":{"line":42,"column":14}},"42":{"start":{"line":43,"column":0},"end":{"line":43,"column":28}},"43":{"start":{"line":44,"column":0},"end":{"line":44,"column":22}},"44":{"start":{"line":45,"column":0},"end":{"line":45,"column":31}},"45":{"start":{"line":46,"column":0},"end":{"line":46,"column":40}},"46":{"start":{"line":47,"column":0},"end":{"line":47,"column":15}},"47":{"start":{"line":48,"column":0},"end":{"line":48,"column":9}},"48":{"start":{"line":49,"column":0},"end":{"line":49,"column":5}},"49":{"start":{"line":50,"column":0},"end":{"line":50,"column":10}},"50":{"start":{"line":51,"column":0},"end":{"line":51,"column":24}},"51":{"start":{"line":52,"column":0},"end":{"line":52,"column":18}},"52":{"start":{"line":53,"column":0},"end":{"line":53,"column":27}},"53":{"start":{"line":54,"column":0},"end":{"line":54,"column":39}},"54":{"start":{"line":55,"column":0},"end":{"line":55,"column":11}},"55":{"start":{"line":56,"column":0},"end":{"line":56,"column":5}},"56":{"start":{"line":57,"column":0},"end":{"line":57,"column":3}},"57":{"start":{"line":58,"column":0},"end":{"line":58,"column":34}}},"s":{"0":1,"1":1,"2":3,"3":3,"4":3,"5":3,"6":3,"7":3,"8":3,"9":3,"10":1,"11":1,"12":1,"13":1,"14":1,"15":1,"16":1,"17":1,"18":1,"19":3,"20":3,"21":0,"22":0,"23":0,"24":0,"25":0,"26":0,"27":3,"28":3,"29":2,"30":2,"31":1,"32":1,"33":1,"34":1,"35":1,"36":1,"37":1,"38":1,"39":1,"40":1,"41":1,"42":1,"43":1,"44":1,"45":1,"46":1,"47":1,"48":2,"49":1,"50":1,"51":1,"52":1,"53":1,"54":1,"55":1,"56":1,"57":1},"branchMap":{"0":{"type":"branch","line":2,"loc":{"start":{"line":2,"column":44},"end":{"line":10,"column":2}},"locations":[{"start":{"line":2,"column":44},"end":{"line":10,"column":2}}]},"1":{"type":"branch","line":3,"loc":{"start":{"line":3,"column":4},"end":{"line":3,"column":112}},"locations":[{"start":{"line":3,"column":4},"end":{"line":3,"column":112}}]},"2":{"type":"branch","line":3,"loc":{"start":{"line":3,"column":53},"end":{"line":3,"column":61}},"locations":[{"start":{"line":3,"column":53},"end":{"line":3,"column":61}}]},"3":{"type":"branch","line":3,"loc":{"start":{"line":3,"column":70},"end":{"line":3,"column":108}},"locations":[{"start":{"line":3,"column":70},"end":{"line":3,"column":108}}]},"4":{"type":"branch","line":4,"loc":{"start":{"line":4,"column":36},"end":{"line":9,"column":5}},"locations":[{"start":{"line":4,"column":36},"end":{"line":9,"column":5}}]},"5":{"type":"branch","line":5,"loc":{"start":{"line":5,"column":8},"end":{"line":5,"column":99}},"locations":[{"start":{"line":5,"column":8},"end":{"line":5,"column":99}}]},"6":{"type":"branch","line":5,"loc":{"start":{"line":5,"column":73},"end":{"line":5,"column":98}},"locations":[{"start":{"line":5,"column":73},"end":{"line":5,"column":98}}]},"7":{"type":"branch","line":7,"loc":{"start":{"line":7,"column":8},"end":{"line":7,"column":118}},"locations":[{"start":{"line":7,"column":8},"end":{"line":7,"column":118}}]},"8":{"type":"branch","line":7,"loc":{"start":{"line":7,"column":43},"end":{"line":7,"column":67}},"locations":[{"start":{"line":7,"column":43},"end":{"line":7,"column":67}}]},"9":{"type":"branch","line":7,"loc":{"start":{"line":7,"column":67},"end":{"line":7,"column":115}},"locations":[{"start":{"line":7,"column":67},"end":{"line":7,"column":115}}]},"10":{"type":"branch","line":11,"loc":{"start":{"line":11,"column":56},"end":{"line":13,"column":2}},"locations":[{"start":{"line":11,"column":56},"end":{"line":13,"column":2}}]},"11":{"type":"branch","line":12,"loc":{"start":{"line":12,"column":40},"end":{"line":12,"column":61}},"locations":[{"start":{"line":12,"column":40},"end":{"line":12,"column":61}}]},"12":{"type":"branch","line":19,"loc":{"start":{"line":19,"column":24},"end":{"line":57,"column":2}},"locations":[{"start":{"line":19,"column":24},"end":{"line":57,"column":2}}]},"13":{"type":"branch","line":19,"loc":{"start":{"line":19,"column":72},"end":{"line":57,"column":2}},"locations":[{"start":{"line":19,"column":72},"end":{"line":57,"column":2}}]},"14":{"type":"branch","line":21,"loc":{"start":{"line":21,"column":70},"end":{"line":27,"column":5}},"locations":[{"start":{"line":21,"column":70},"end":{"line":27,"column":5}}]},"15":{"type":"branch","line":29,"loc":{"start":{"line":29,"column":26},"end":{"line":49,"column":5}},"locations":[{"start":{"line":29,"column":26},"end":{"line":49,"column":5}}]},"16":{"type":"branch","line":31,"loc":{"start":{"line":31,"column":72},"end":{"line":48,"column":9}},"locations":[{"start":{"line":31,"column":72},"end":{"line":48,"column":9}}]},"17":{"type":"branch","line":50,"loc":{"start":{"line":50,"column":-2},"end":{"line":56,"column":5}},"locations":[{"start":{"line":50,"column":-2},"end":{"line":56,"column":5}}]}},"b":{"0":[3],"1":[3],"2":[0],"3":[3],"4":[3],"5":[3],"6":[0],"7":[6],"8":[3],"9":[3],"10":[1],"11":[0],"12":[3],"13":[3],"14":[0],"15":[2],"16":[1],"17":[1]},"fnMap":{"0":{"name":"Object.<anonymous>.__awaiter","decl":{"start":{"line":2,"column":44},"end":{"line":10,"column":2}},"loc":{"start":{"line":2,"column":44},"end":{"line":10,"column":2}},"line":2},"1":{"name":"adopt","decl":{"start":{"line":3,"column":4},"end":{"line":3,"column":112}},"loc":{"start":{"line":3,"column":4},"end":{"line":3,"column":112}},"line":3},"2":{"name":"fulfilled","decl":{"start":{"line":5,"column":8},"end":{"line":5,"column":99}},"loc":{"start":{"line":5,"column":8},"end":{"line":5,"column":99}},"line":5},"3":{"name":"rejected","decl":{"start":{"line":6,"column":8},"end":{"line":6,"column":102}},"loc":{"start":{"line":6,"column":8},"end":{"line":6,"column":102}},"line":6},"4":{"name":"step","decl":{"start":{"line":7,"column":8},"end":{"line":7,"column":118}},"loc":{"start":{"line":7,"column":8},"end":{"line":7,"column":118}},"line":7},"5":{"name":"Object.<anonymous>.__importDefault","decl":{"start":{"line":11,"column":56},"end":{"line":13,"column":2}},"loc":{"start":{"line":11,"column":56},"end":{"line":13,"column":2}},"line":11},"6":{"name":"loginController","decl":{"start":{"line":19,"column":24},"end":{"line":57,"column":2}},"loc":{"start":{"line":19,"column":24},"end":{"line":57,"column":2}},"line":19}},"f":{"0":3,"1":3,"2":3,"3":0,"4":6,"5":1,"6":3}}
,"C:\\Users\\PC\\OneDrive\\Desktop\\movie-prj\\build\\controllers\\signup.js": {"path":"C:\\Users\\PC\\OneDrive\\Desktop\\movie-prj\\build\\controllers\\signup.js","all":false,"statementMap":{"0":{"start":{"line":1,"column":0},"end":{"line":1,"column":13}},"1":{"start":{"line":2,"column":0},"end":{"line":2,"column":90}},"2":{"start":{"line":3,"column":0},"end":{"line":3,"column":112}},"3":{"start":{"line":4,"column":0},"end":{"line":4,"column":64}},"4":{"start":{"line":5,"column":0},"end":{"line":5,"column":99}},"5":{"start":{"line":6,"column":0},"end":{"line":6,"column":102}},"6":{"start":{"line":7,"column":0},"end":{"line":7,"column":118}},"7":{"start":{"line":8,"column":0},"end":{"line":8,"column":78}},"8":{"start":{"line":9,"column":0},"end":{"line":9,"column":7}},"9":{"start":{"line":10,"column":0},"end":{"line":10,"column":2}},"10":{"start":{"line":11,"column":0},"end":{"line":11,"column":72}},"11":{"start":{"line":12,"column":0},"end":{"line":12,"column":62}},"12":{"start":{"line":13,"column":0},"end":{"line":13,"column":2}},"13":{"start":{"line":14,"column":0},"end":{"line":14,"column":62}},"14":{"start":{"line":15,"column":0},"end":{"line":15,"column":85}},"15":{"start":{"line":16,"column":0},"end":{"line":16,"column":63}},"16":{"start":{"line":17,"column":0},"end":{"line":17,"column":40}},"17":{"start":{"line":18,"column":0},"end":{"line":18,"column":88}},"18":{"start":{"line":19,"column":0},"end":{"line":19,"column":3}},"19":{"start":{"line":20,"column":0},"end":{"line":20,"column":23}},"20":{"start":{"line":21,"column":0},"end":{"line":21,"column":17}},"21":{"start":{"line":22,"column":0},"end":{"line":22,"column":35}},"22":{"start":{"line":23,"column":0},"end":{"line":23,"column":21}},"23":{"start":{"line":24,"column":0},"end":{"line":24,"column":22}},"24":{"start":{"line":25,"column":0},"end":{"line":25,"column":14}},"25":{"start":{"line":26,"column":0},"end":{"line":26,"column":3}},"26":{"start":{"line":27,"column":0},"end":{"line":27,"column":87}},"27":{"start":{"line":28,"column":0},"end":{"line":28,"column":23}},"28":{"start":{"line":29,"column":0},"end":{"line":29,"column":34}},"29":{"start":{"line":30,"column":0},"end":{"line":30,"column":43}},"30":{"start":{"line":31,"column":0},"end":{"line":31,"column":49}},"31":{"start":{"line":32,"column":0},"end":{"line":32,"column":32}},"32":{"start":{"line":33,"column":0},"end":{"line":33,"column":52}},"33":{"start":{"line":34,"column":0},"end":{"line":34,"column":24}},"34":{"start":{"line":35,"column":0},"end":{"line":35,"column":72}},"35":{"start":{"line":36,"column":0},"end":{"line":36,"column":5}},"36":{"start":{"line":37,"column":0},"end":{"line":37,"column":35}},"37":{"start":{"line":38,"column":0},"end":{"line":38,"column":18}},"38":{"start":{"line":39,"column":0},"end":{"line":39,"column":57}},"39":{"start":{"line":40,"column":0},"end":{"line":40,"column":78}},"40":{"start":{"line":41,"column":0},"end":{"line":41,"column":31}},"41":{"start":{"line":42,"column":0},"end":{"line":42,"column":54}},"42":{"start":{"line":43,"column":0},"end":{"line":43,"column":32}},"43":{"start":{"line":44,"column":0},"end":{"line":44,"column":65}},"44":{"start":{"line":45,"column":0},"end":{"line":45,"column":22}},"45":{"start":{"line":46,"column":0},"end":{"line":46,"column":13}},"46":{"start":{"line":47,"column":0},"end":{"line":47,"column":9}},"47":{"start":{"line":48,"column":0},"end":{"line":48,"column":5}},"48":{"start":{"line":49,"column":0},"end":{"line":49,"column":30}},"49":{"start":{"line":50,"column":0},"end":{"line":50,"column":18}},"50":{"start":{"line":51,"column":0},"end":{"line":51,"column":88}},"51":{"start":{"line":52,"column":0},"end":{"line":52,"column":34}},"52":{"start":{"line":53,"column":0},"end":{"line":53,"column":28}},"53":{"start":{"line":54,"column":0},"end":{"line":54,"column":47}},"54":{"start":{"line":55,"column":0},"end":{"line":55,"column":9}},"55":{"start":{"line":56,"column":0},"end":{"line":56,"column":14}},"56":{"start":{"line":57,"column":0},"end":{"line":57,"column":53}},"57":{"start":{"line":58,"column":0},"end":{"line":58,"column":43}},"58":{"start":{"line":59,"column":0},"end":{"line":59,"column":9}},"59":{"start":{"line":60,"column":0},"end":{"line":60,"column":5}},"60":{"start":{"line":61,"column":0},"end":{"line":61,"column":36}},"61":{"start":{"line":62,"column":0},"end":{"line":62,"column":3}},"62":{"start":{"line":63,"column":0},"end":{"line":63,"column":44}},"63":{"start":{"line":64,"column":0},"end":{"line":64,"column":34}},"64":{"start":{"line":65,"column":0},"end":{"line":65,"column":25}},"65":{"start":{"line":66,"column":0},"end":{"line":66,"column":17}},"66":{"start":{"line":67,"column":0},"end":{"line":67,"column":35}},"67":{"start":{"line":68,"column":0},"end":{"line":68,"column":88}},"68":{"start":{"line":69,"column":0},"end":{"line":69,"column":26}},"69":{"start":{"line":70,"column":0},"end":{"line":70,"column":31}},"70":{"start":{"line":71,"column":0},"end":{"line":71,"column":5}},"71":{"start":{"line":72,"column":0},"end":{"line":72,"column":10}},"72":{"start":{"line":73,"column":0},"end":{"line":73,"column":24}},"73":{"start":{"line":74,"column":0},"end":{"line":74,"column":5}},"74":{"start":{"line":75,"column":0},"end":{"line":75,"column":28}},"75":{"start":{"line":76,"column":0},"end":{"line":76,"column":2}},"76":{"start":{"line":77,"column":0},"end":{"line":77,"column":38}},"77":{"start":{"line":78,"column":0},"end":{"line":78,"column":40}},"78":{"start":{"line":79,"column":0},"end":{"line":79,"column":26}},"79":{"start":{"line":80,"column":0},"end":{"line":80,"column":24}},"80":{"start":{"line":81,"column":0},"end":{"line":81,"column":76}},"81":{"start":{"line":82,"column":0},"end":{"line":82,"column":27}},"82":{"start":{"line":83,"column":0},"end":{"line":83,"column":61}},"83":{"start":{"line":84,"column":0},"end":{"line":84,"column":5}},"84":{"start":{"line":85,"column":0},"end":{"line":85,"column":30}},"85":{"start":{"line":86,"column":0},"end":{"line":86,"column":2}},"86":{"start":{"line":87,"column":0},"end":{"line":87,"column":44}},"87":{"start":{"line":88,"column":0},"end":{"line":88,"column":13}},"88":{"start":{"line":89,"column":0},"end":{"line":89,"column":87}},"89":{"start":{"line":90,"column":0},"end":{"line":90,"column":51}},"90":{"start":{"line":91,"column":0},"end":{"line":91,"column":94}},"91":{"start":{"line":92,"column":0},"end":{"line":92,"column":75}},"92":{"start":{"line":93,"column":0},"end":{"line":93,"column":80}},"93":{"start":{"line":94,"column":0},"end":{"line":94,"column":57}},"94":{"start":{"line":95,"column":0},"end":{"line":95,"column":70}},"95":{"start":{"line":96,"column":0},"end":{"line":96,"column":47}},"96":{"start":{"line":97,"column":0},"end":{"line":97,"column":93}},"97":{"start":{"line":98,"column":0},"end":{"line":98,"column":92}},"98":{"start":{"line":99,"column":0},"end":{"line":99,"column":30}},"99":{"start":{"line":100,"column":0},"end":{"line":100,"column":40}},"100":{"start":{"line":101,"column":0},"end":{"line":101,"column":42}},"101":{"start":{"line":102,"column":0},"end":{"line":102,"column":55}},"102":{"start":{"line":103,"column":0},"end":{"line":103,"column":15}},"103":{"start":{"line":104,"column":0},"end":{"line":104,"column":28}},"104":{"start":{"line":105,"column":0},"end":{"line":105,"column":22}},"105":{"start":{"line":106,"column":0},"end":{"line":106,"column":30}},"106":{"start":{"line":107,"column":0},"end":{"line":107,"column":39}},"107":{"start":{"line":108,"column":0},"end":{"line":108,"column":15}},"108":{"start":{"line":109,"column":0},"end":{"line":109,"column":9}},"109":{"start":{"line":110,"column":0},"end":{"line":110,"column":14}},"110":{"start":{"line":111,"column":0},"end":{"line":111,"column":28}},"111":{"start":{"line":112,"column":0},"end":{"line":112,"column":22}},"112":{"start":{"line":113,"column":0},"end":{"line":113,"column":31}},"113":{"start":{"line":114,"column":0},"end":{"line":114,"column":36}},"114":{"start":{"line":115,"column":0},"end":{"line":115,"column":15}},"115":{"start":{"line":116,"column":0},"end":{"line":116,"column":9}},"116":{"start":{"line":117,"column":0},"end":{"line":117,"column":5}},"117":{"start":{"line":118,"column":0},"end":{"line":118,"column":10}},"118":{"start":{"line":119,"column":0},"end":{"line":119,"column":24}},"119":{"start":{"line":120,"column":0},"end":{"line":120,"column":18}},"120":{"start":{"line":121,"column":0},"end":{"line":121,"column":27}},"121":{"start":{"line":122,"column":0},"end":{"line":122,"column":18}},"122":{"start":{"line":123,"column":0},"end":{"line":123,"column":33}},"123":{"start":{"line":124,"column":0},"end":{"line":124,"column":29}},"124":{"start":{"line":125,"column":0},"end":{"line":125,"column":28}},"125":{"start":{"line":126,"column":0},"end":{"line":126,"column":13}},"126":{"start":{"line":127,"column":0},"end":{"line":127,"column":11}},"127":{"start":{"line":128,"column":0},"end":{"line":128,"column":5}},"128":{"start":{"line":129,"column":0},"end":{"line":129,"column":3}},"129":{"start":{"line":130,"column":0},"end":{"line":130,"column":35}}},"s":{"0":1,"1":1,"2":10,"3":10,"4":10,"5":10,"6":10,"7":10,"8":10,"9":10,"10":1,"11":1,"12":1,"13":1,"14":1,"15":1,"16":1,"17":1,"18":1,"19":1,"20":1,"21":1,"22":1,"23":1,"24":1,"25":1,"26":1,"27":5,"28":5,"29":5,"30":5,"31":5,"32":5,"33":3,"34":3,"35":3,"36":5,"37":5,"38":2,"39":16,"40":16,"41":16,"42":0,"43":0,"44":0,"45":0,"46":16,"47":2,"48":5,"49":5,"50":2,"51":2,"52":0,"53":0,"54":0,"55":2,"56":2,"57":2,"58":2,"59":2,"60":5,"61":1,"62":1,"63":1,"64":5,"65":5,"66":5,"67":5,"68":3,"69":3,"70":3,"71":2,"72":2,"73":2,"74":5,"75":5,"76":1,"77":1,"78":5,"79":5,"80":5,"81":3,"82":3,"83":3,"84":5,"85":5,"86":1,"87":1,"88":1,"89":5,"90":5,"91":5,"92":5,"93":5,"94":2,"95":2,"96":2,"97":2,"98":2,"99":1,"100":1,"101":1,"102":1,"103":1,"104":1,"105":1,"106":1,"107":1,"108":1,"109":1,"110":1,"111":1,"112":1,"113":1,"114":1,"115":1,"116":2,"117":3,"118":3,"119":3,"120":3,"121":3,"122":3,"123":3,"124":3,"125":3,"126":3,"127":3,"128":1,"129":1},"branchMap":{"0":{"type":"branch","line":2,"loc":{"start":{"line":2,"column":44},"end":{"line":10,"column":2}},"locations":[{"start":{"line":2,"column":44},"end":{"line":10,"column":2}}]},"1":{"type":"branch","line":3,"loc":{"start":{"line":3,"column":4},"end":{"line":3,"column":112}},"locations":[{"start":{"line":3,"column":4},"end":{"line":3,"column":112}}]},"2":{"type":"branch","line":3,"loc":{"start":{"line":3,"column":53},"end":{"line":3,"column":61}},"locations":[{"start":{"line":3,"column":53},"end":{"line":3,"column":61}}]},"3":{"type":"branch","line":3,"loc":{"start":{"line":3,"column":61},"end":{"line":3,"column":109}},"locations":[{"start":{"line":3,"column":61},"end":{"line":3,"column":109}}]},"4":{"type":"branch","line":3,"loc":{"start":{"line":3,"column":70},"end":{"line":3,"column":108}},"locations":[{"start":{"line":3,"column":70},"end":{"line":3,"column":108}}]},"5":{"type":"branch","line":4,"loc":{"start":{"line":4,"column":36},"end":{"line":9,"column":5}},"locations":[{"start":{"line":4,"column":36},"end":{"line":9,"column":5}}]},"6":{"type":"branch","line":5,"loc":{"start":{"line":5,"column":8},"end":{"line":5,"column":99}},"locations":[{"start":{"line":5,"column":8},"end":{"line":5,"column":99}}]},"7":{"type":"branch","line":5,"loc":{"start":{"line":5,"column":73},"end":{"line":5,"column":98}},"locations":[{"start":{"line":5,"column":73},"end":{"line":5,"column":98}}]},"8":{"type":"branch","line":7,"loc":{"start":{"line":7,"column":8},"end":{"line":7,"column":118}},"locations":[{"start":{"line":7,"column":8},"end":{"line":7,"column":118}}]},"9":{"type":"branch","line":7,"loc":{"start":{"line":7,"column":43},"end":{"line":7,"column":67}},"locations":[{"start":{"line":7,"column":43},"end":{"line":7,"column":67}}]},"10":{"type":"branch","line":7,"loc":{"start":{"line":7,"column":67},"end":{"line":7,"column":115}},"locations":[{"start":{"line":7,"column":67},"end":{"line":7,"column":115}}]},"11":{"type":"branch","line":11,"loc":{"start":{"line":11,"column":56},"end":{"line":13,"column":2}},"locations":[{"start":{"line":11,"column":56},"end":{"line":13,"column":2}}]},"12":{"type":"branch","line":12,"loc":{"start":{"line":12,"column":40},"end":{"line":12,"column":61}},"locations":[{"start":{"line":12,"column":40},"end":{"line":12,"column":61}}]},"13":{"type":"branch","line":27,"loc":{"start":{"line":27,"column":26},"end":{"line":62,"column":2}},"locations":[{"start":{"line":27,"column":26},"end":{"line":62,"column":2}}]},"14":{"type":"branch","line":27,"loc":{"start":{"line":27,"column":73},"end":{"line":62,"column":2}},"locations":[{"start":{"line":27,"column":73},"end":{"line":62,"column":2}}]},"15":{"type":"branch","line":33,"loc":{"start":{"line":33,"column":26},"end":{"line":33,"column":49}},"locations":[{"start":{"line":33,"column":26},"end":{"line":33,"column":49}}]},"16":{"type":"branch","line":33,"loc":{"start":{"line":33,"column":51},"end":{"line":36,"column":5}},"locations":[{"start":{"line":33,"column":51},"end":{"line":36,"column":5}}]},"17":{"type":"branch","line":38,"loc":{"start":{"line":38,"column":17},"end":{"line":48,"column":5}},"locations":[{"start":{"line":38,"column":17},"end":{"line":48,"column":5}}]},"18":{"type":"branch","line":39,"loc":{"start":{"line":39,"column":56},"end":{"line":47,"column":9}},"locations":[{"start":{"line":39,"column":56},"end":{"line":47,"column":9}}]},"19":{"type":"branch","line":42,"loc":{"start":{"line":42,"column":53},"end":{"line":46,"column":13}},"locations":[{"start":{"line":42,"column":53},"end":{"line":46,"column":13}}]},"20":{"type":"branch","line":50,"loc":{"start":{"line":50,"column":17},"end":{"line":60,"column":5}},"locations":[{"start":{"line":50,"column":17},"end":{"line":60,"column":5}}]},"21":{"type":"branch","line":52,"loc":{"start":{"line":52,"column":33},"end":{"line":55,"column":9}},"locations":[{"start":{"line":52,"column":33},"end":{"line":55,"column":9}}]},"22":{"type":"branch","line":64,"loc":{"start":{"line":64,"column":23},"end":{"line":76,"column":2}},"locations":[{"start":{"line":64,"column":23},"end":{"line":76,"column":2}}]},"23":{"type":"branch","line":68,"loc":{"start":{"line":68,"column":32},"end":{"line":68,"column":85}},"locations":[{"start":{"line":68,"column":32},"end":{"line":68,"column":85}}]},"24":{"type":"branch","line":68,"loc":{"start":{"line":68,"column":87},"end":{"line":71,"column":5}},"locations":[{"start":{"line":68,"column":87},"end":{"line":71,"column":5}}]},"25":{"type":"branch","line":72,"loc":{"start":{"line":72,"column":-2},"end":{"line":74,"column":5}},"locations":[{"start":{"line":72,"column":-2},"end":{"line":74,"column":5}}]},"26":{"type":"branch","line":78,"loc":{"start":{"line":78,"column":26},"end":{"line":86,"column":2}},"locations":[{"start":{"line":78,"column":26},"end":{"line":86,"column":2}}]},"27":{"type":"branch","line":81,"loc":{"start":{"line":81,"column":38},"end":{"line":81,"column":73}},"locations":[{"start":{"line":81,"column":38},"end":{"line":81,"column":73}}]},"28":{"type":"branch","line":81,"loc":{"start":{"line":81,"column":75},"end":{"line":84,"column":5}},"locations":[{"start":{"line":81,"column":75},"end":{"line":84,"column":5}}]},"29":{"type":"branch","line":89,"loc":{"start":{"line":89,"column":25},"end":{"line":129,"column":2}},"locations":[{"start":{"line":89,"column":25},"end":{"line":129,"column":2}}]},"30":{"type":"branch","line":89,"loc":{"start":{"line":89,"column":73},"end":{"line":129,"column":2}},"locations":[{"start":{"line":89,"column":73},"end":{"line":129,"column":2}}]},"31":{"type":"branch","line":94,"loc":{"start":{"line":94,"column":23},"end":{"line":94,"column":39}},"locations":[{"start":{"line":94,"column":23},"end":{"line":94,"column":39}}]},"32":{"type":"branch","line":94,"loc":{"start":{"line":94,"column":39},"end":{"line":94,"column":54}},"locations":[{"start":{"line":94,"column":39},"end":{"line":94,"column":54}}]},"33":{"type":"branch","line":94,"loc":{"start":{"line":94,"column":56},"end":{"line":117,"column":5}},"locations":[{"start":{"line":94,"column":56},"end":{"line":117,"column":5}}]},"34":{"type":"branch","line":99,"loc":{"start":{"line":99,"column":29},"end":{"line":116,"column":9}},"locations":[{"start":{"line":99,"column":29},"end":{"line":116,"column":9}}]},"35":{"type":"branch","line":118,"loc":{"start":{"line":118,"column":-2},"end":{"line":128,"column":5}},"locations":[{"start":{"line":118,"column":-2},"end":{"line":128,"column":5}}]}},"b":{"0":[10],"1":[9],"2":[5],"3":[4],"4":[4],"5":[10],"6":[9],"7":[0],"8":[19],"9":[10],"10":[9],"11":[1],"12":[0],"13":[5],"14":[5],"15":[2],"16":[3],"17":[2],"18":[16],"19":[0],"20":[2],"21":[0],"22":[5],"23":[2],"24":[3],"25":[2],"26":[5],"27":[2],"28":[3],"29":[5],"30":[5],"31":[2],"32":[2],"33":[2],"34":[1],"35":[3]},"fnMap":{"0":{"name":"Object.<anonymous>.__awaiter","decl":{"start":{"line":2,"column":44},"end":{"line":10,"column":2}},"loc":{"start":{"line":2,"column":44},"end":{"line":10,"column":2}},"line":2},"1":{"name":"adopt","decl":{"start":{"line":3,"column":4},"end":{"line":3,"column":112}},"loc":{"start":{"line":3,"column":4},"end":{"line":3,"column":112}},"line":3},"2":{"name":"fulfilled","decl":{"start":{"line":5,"column":8},"end":{"line":5,"column":99}},"loc":{"start":{"line":5,"column":8},"end":{"line":5,"column":99}},"line":5},"3":{"name":"rejected","decl":{"start":{"line":6,"column":8},"end":{"line":6,"column":102}},"loc":{"start":{"line":6,"column":8},"end":{"line":6,"column":102}},"line":6},"4":{"name":"step","decl":{"start":{"line":7,"column":8},"end":{"line":7,"column":118}},"loc":{"start":{"line":7,"column":8},"end":{"line":7,"column":118}},"line":7},"5":{"name":"Object.<anonymous>.__importDefault","decl":{"start":{"line":11,"column":56},"end":{"line":13,"column":2}},"loc":{"start":{"line":11,"column":56},"end":{"line":13,"column":2}},"line":11},"6":{"name":"validateUsername","decl":{"start":{"line":27,"column":26},"end":{"line":62,"column":2}},"loc":{"start":{"line":27,"column":26},"end":{"line":62,"column":2}},"line":27},"7":{"name":"validateEmail","decl":{"start":{"line":64,"column":23},"end":{"line":76,"column":2}},"loc":{"start":{"line":64,"column":23},"end":{"line":76,"column":2}},"line":64},"8":{"name":"validatePassword","decl":{"start":{"line":78,"column":26},"end":{"line":86,"column":2}},"loc":{"start":{"line":78,"column":26},"end":{"line":86,"column":2}},"line":78},"9":{"name":"signupController","decl":{"start":{"line":89,"column":25},"end":{"line":129,"column":2}},"loc":{"start":{"line":89,"column":25},"end":{"line":129,"column":2}},"line":89}},"f":{"0":10,"1":9,"2":9,"3":0,"4":19,"5":1,"6":5,"7":5,"8":5,"9":5}}
,"C:\\Users\\PC\\OneDrive\\Desktop\\movie-prj\\build\\db\\schema\\users.js": {"path":"C:\\Users\\PC\\OneDrive\\Desktop\\movie-prj\\build\\db\\schema\\users.js","all":false,"statementMap":{"0":{"start":{"line":1,"column":0},"end":{"line":1,"column":13}},"1":{"start":{"line":2,"column":0},"end":{"line":2,"column":72}},"2":{"start":{"line":3,"column":0},"end":{"line":3,"column":62}},"3":{"start":{"line":4,"column":0},"end":{"line":4,"column":2}},"4":{"start":{"line":5,"column":0},"end":{"line":5,"column":62}},"5":{"start":{"line":6,"column":0},"end":{"line":6,"column":56}},"6":{"start":{"line":7,"column":0},"end":{"line":7,"column":45}},"7":{"start":{"line":8,"column":0},"end":{"line":8,"column":13}},"8":{"start":{"line":9,"column":0},"end":{"line":9,"column":52}},"9":{"start":{"line":10,"column":0},"end":{"line":10,"column":23}},"10":{"start":{"line":11,"column":0},"end":{"line":11,"column":20}},"11":{"start":{"line":12,"column":0},"end":{"line":12,"column":6}},"12":{"start":{"line":13,"column":0},"end":{"line":13,"column":15}},"13":{"start":{"line":14,"column":0},"end":{"line":14,"column":52}},"14":{"start":{"line":15,"column":0},"end":{"line":15,"column":23}},"15":{"start":{"line":16,"column":0},"end":{"line":16,"column":20}},"16":{"start":{"line":17,"column":0},"end":{"line":17,"column":6}},"17":{"start":{"line":18,"column":0},"end":{"line":18,"column":12}},"18":{"start":{"line":19,"column":0},"end":{"line":19,"column":52}},"19":{"start":{"line":20,"column":0},"end":{"line":20,"column":23}},"20":{"start":{"line":21,"column":0},"end":{"line":21,"column":6}},"21":{"start":{"line":22,"column":0},"end":{"line":22,"column":15}},"22":{"start":{"line":23,"column":0},"end":{"line":23,"column":52}},"23":{"start":{"line":24,"column":0},"end":{"line":24,"column":23}},"24":{"start":{"line":25,"column":0},"end":{"line":25,"column":5}},"25":{"start":{"line":26,"column":0},"end":{"line":26,"column":3}},"26":{"start":{"line":27,"column":0},"end":{"line":27,"column":59}}},"s":{"0":1,"1":1,"2":2,"3":2,"4":1,"5":1,"6":1,"7":1,"8":1,"9":1,"10":1,"11":1,"12":1,"13":1,"14":1,"15":1,"16":1,"17":1,"18":1,"19":1,"20":1,"21":1,"22":1,"23":1,"24":1,"25":1,"26":1},"branchMap":{"0":{"type":"branch","line":2,"loc":{"start":{"line":2,"column":56},"end":{"line":4,"column":2}},"locations":[{"start":{"line":2,"column":56},"end":{"line":4,"column":2}}]},"1":{"type":"branch","line":3,"loc":{"start":{"line":3,"column":33},"end":{"line":3,"column":40}},"locations":[{"start":{"line":3,"column":33},"end":{"line":3,"column":40}}]}},"b":{"0":[2],"1":[0]},"fnMap":{"0":{"name":"Object.<anonymous>.__importDefault","decl":{"start":{"line":2,"column":56},"end":{"line":4,"column":2}},"loc":{"start":{"line":2,"column":56},"end":{"line":4,"column":2}},"line":2}},"f":{"0":2}}
,"C:\\Users\\PC\\OneDrive\\Desktop\\movie-prj\\build\\utils\\empty.js": {"path":"C:\\Users\\PC\\OneDrive\\Desktop\\movie-prj\\build\\utils\\empty.js","all":false,"statementMap":{"0":{"start":{"line":1,"column":0},"end":{"line":1,"column":13}},"1":{"start":{"line":2,"column":0},"end":{"line":2,"column":62}},"2":{"start":{"line":3,"column":0},"end":{"line":3,"column":66}},"3":{"start":{"line":4,"column":0},"end":{"line":4,"column":24}},"4":{"start":{"line":5,"column":0},"end":{"line":5,"column":37}},"5":{"start":{"line":6,"column":0},"end":{"line":6,"column":42}},"6":{"start":{"line":7,"column":0},"end":{"line":7,"column":20}},"7":{"start":{"line":8,"column":0},"end":{"line":8,"column":5}},"8":{"start":{"line":9,"column":0},"end":{"line":9,"column":39}},"9":{"start":{"line":10,"column":0},"end":{"line":10,"column":20}},"10":{"start":{"line":11,"column":0},"end":{"line":11,"column":5}},"11":{"start":{"line":12,"column":0},"end":{"line":12,"column":17}},"12":{"start":{"line":13,"column":0},"end":{"line":13,"column":2}},"13":{"start":{"line":14,"column":0},"end":{"line":14,"column":22}},"14":{"start":{"line":15,"column":0},"end":{"line":15,"column":29}},"15":{"start":{"line":16,"column":0},"end":{"line":16,"column":23}},"16":{"start":{"line":17,"column":0},"end":{"line":17,"column":21}},"17":{"start":{"line":18,"column":0},"end":{"line":18,"column":16}},"18":{"start":{"line":19,"column":0},"end":{"line":19,"column":2}},"19":{"start":{"line":20,"column":0},"end":{"line":20,"column":32}},"20":{"start":{"line":21,"column":0},"end":{"line":21,"column":30}},"21":{"start":{"line":22,"column":0},"end":{"line":22,"column":51}},"22":{"start":{"line":23,"column":0},"end":{"line":23,"column":21}},"23":{"start":{"line":24,"column":0},"end":{"line":24,"column":16}},"24":{"start":{"line":25,"column":0},"end":{"line":25,"column":2}},"25":{"start":{"line":26,"column":0},"end":{"line":26,"column":34}}},"s":{"0":1,"1":1,"2":1,"3":1,"4":0,"5":0,"6":0,"7":0,"8":0,"9":0,"10":0,"11":0,"12":0,"13":1,"14":1,"15":0,"16":0,"17":0,"18":0,"19":1,"20":1,"21":0,"22":0,"23":0,"24":0,"25":1},"branchMap":{},"b":{},"fnMap":{"0":{"name":"empty","decl":{"start":{"line":4,"column":15},"end":{"line":13,"column":2}},"loc":{"start":{"line":4,"column":15},"end":{"line":13,"column":2}},"line":4},"1":{"name":"emptyArray","decl":{"start":{"line":15,"column":20},"end":{"line":19,"column":2}},"loc":{"start":{"line":15,"column":20},"end":{"line":19,"column":2}},"line":15},"2":{"name":"emptyObject","decl":{"start":{"line":21,"column":21},"end":{"line":25,"column":2}},"loc":{"start":{"line":21,"column":21},"end":{"line":25,"column":2}},"line":21}},"f":{"0":0,"1":0,"2":0}}
}
