TN:
SF:build\controllers\login.js
FN:2,Object.<anonymous>.__awaiter
FN:3,adopt
FN:5,fulfilled
FN:6,rejected
FN:7,step
FN:11,Object.<anonymous>.__importDefault
FN:19,loginController
FNF:7
FNH:6
FNDA:3,Object.<anonymous>.__awaiter
FNDA:3,adopt
FNDA:3,fulfilled
FNDA:0,rejected
FNDA:6,step
FNDA:1,Object.<anonymous>.__importDefault
FNDA:3,loginController
DA:1,1
DA:2,1
DA:3,3
DA:4,3
DA:5,3
DA:6,3
DA:7,3
DA:8,3
DA:9,3
DA:10,3
DA:11,1
DA:12,1
DA:13,1
DA:14,1
DA:15,1
DA:16,1
DA:17,1
DA:18,1
DA:19,1
DA:20,3
DA:21,3
DA:22,0
DA:23,0
DA:24,0
DA:25,0
DA:26,0
DA:27,0
DA:28,3
DA:29,3
DA:30,2
DA:31,2
DA:32,1
DA:33,1
DA:34,1
DA:35,1
DA:36,1
DA:37,1
DA:38,1
DA:39,1
DA:40,1
DA:41,1
DA:42,1
DA:43,1
DA:44,1
DA:45,1
DA:46,1
DA:47,1
DA:48,1
DA:49,2
DA:50,1
DA:51,1
DA:52,1
DA:53,1
DA:54,1
DA:55,1
DA:56,1
DA:57,1
DA:58,1
LF:58
LH:52
BRDA:2,0,0,3
BRDA:3,1,0,3
BRDA:3,2,0,0
BRDA:3,3,0,3
BRDA:4,4,0,3
BRDA:5,5,0,3
BRDA:5,6,0,0
BRDA:7,7,0,6
BRDA:7,8,0,3
BRDA:7,9,0,3
BRDA:11,10,0,1
BRDA:12,11,0,0
BRDA:19,12,0,3
BRDA:19,13,0,3
BRDA:21,14,0,0
BRDA:29,15,0,2
BRDA:31,16,0,1
BRDA:50,17,0,1
BRF:18
BRH:14
end_of_record
TN:
SF:build\controllers\signup.js
FN:2,Object.<anonymous>.__awaiter
FN:3,adopt
FN:5,fulfilled
FN:6,rejected
FN:7,step
FN:11,Object.<anonymous>.__importDefault
FN:27,validateUsername
FN:64,validateEmail
FN:78,validatePassword
FN:89,signupController
FNF:10
FNH:9
FNDA:2,Object.<anonymous>.__awaiter
FNDA:1,adopt
FNDA:1,fulfilled
FNDA:0,rejected
FNDA:3,step
FNDA:1,Object.<anonymous>.__importDefault
FNDA:1,validateUsername
FNDA:1,validateEmail
FNDA:1,validatePassword
FNDA:1,signupController
DA:1,1
DA:2,1
DA:3,2
DA:4,2
DA:5,2
DA:6,2
DA:7,2
DA:8,2
DA:9,2
DA:10,2
DA:11,1
DA:12,1
DA:13,1
DA:14,1
DA:15,1
DA:16,1
DA:17,1
DA:18,1
DA:19,1
DA:20,1
DA:21,1
DA:22,1
DA:23,1
DA:24,1
DA:25,1
DA:26,1
DA:27,1
DA:28,1
DA:29,1
DA:30,1
DA:31,1
DA:32,1
DA:33,1
DA:34,1
DA:35,1
DA:36,1
DA:37,1
DA:38,1
DA:39,0
DA:40,0
DA:41,0
DA:42,0
DA:43,0
DA:44,0
DA:45,0
DA:46,0
DA:47,0
DA:48,0
DA:49,1
DA:50,1
DA:51,0
DA:52,0
DA:53,0
DA:54,0
DA:55,0
DA:56,0
DA:57,0
DA:58,0
DA:59,0
DA:60,0
DA:61,1
DA:62,1
DA:63,1
DA:64,1
DA:65,1
DA:66,1
DA:67,1
DA:68,1
DA:69,1
DA:70,1
DA:71,1
DA:72,0
DA:73,0
DA:74,0
DA:75,1
DA:76,1
DA:77,1
DA:78,1
DA:79,1
DA:80,1
DA:81,1
DA:82,1
DA:83,1
DA:84,1
DA:85,1
DA:86,1
DA:87,1
DA:88,1
DA:89,1
DA:90,1
DA:91,1
DA:92,1
DA:93,1
DA:94,1
DA:95,0
DA:96,0
DA:97,0
DA:98,0
DA:99,0
DA:100,0
DA:101,0
DA:102,0
DA:103,0
DA:104,0
DA:105,0
DA:106,0
DA:107,0
DA:108,0
DA:109,0
DA:110,0
DA:111,0
DA:112,0
DA:113,0
DA:114,0
DA:115,0
DA:116,0
DA:117,0
DA:118,1
DA:119,1
DA:120,1
DA:121,1
DA:122,1
DA:123,1
DA:124,1
DA:125,1
DA:126,1
DA:127,1
DA:128,1
DA:129,1
DA:130,1
LF:130
LH:84
BRDA:2,0,0,2
BRDA:3,1,0,1
BRDA:3,2,0,0
BRDA:4,3,0,2
BRDA:5,4,0,1
BRDA:5,5,0,0
BRDA:7,6,0,3
BRDA:7,7,0,2
BRDA:7,8,0,1
BRDA:11,9,0,1
BRDA:12,10,0,0
BRDA:27,11,0,1
BRDA:27,12,0,1
BRDA:33,13,0,0
BRDA:38,14,0,0
BRDA:50,15,0,0
BRDA:64,16,0,1
BRDA:68,17,0,0
BRDA:72,18,0,0
BRDA:78,19,0,1
BRDA:81,20,0,0
BRDA:89,21,0,1
BRDA:89,22,0,1
BRDA:94,23,0,0
BRDA:94,24,0,0
BRDA:94,25,0,0
BRF:26
BRH:14
end_of_record
TN:
SF:build\db\schema\users.js
FN:2,Object.<anonymous>.__importDefault
FNF:1
FNH:1
FNDA:2,Object.<anonymous>.__importDefault
DA:1,1
DA:2,1
DA:3,2
DA:4,2
DA:5,1
DA:6,1
DA:7,1
DA:8,1
DA:9,1
DA:10,1
DA:11,1
DA:12,1
DA:13,1
DA:14,1
DA:15,1
DA:16,1
DA:17,1
DA:18,1
DA:19,1
DA:20,1
DA:21,1
DA:22,1
DA:23,1
DA:24,1
DA:25,1
DA:26,1
DA:27,1
LF:27
LH:27
BRDA:2,0,0,2
BRDA:3,1,0,0
BRF:2
BRH:1
end_of_record
TN:
SF:build\utils\empty.js
FN:4,empty
FN:15,emptyArray
FN:21,emptyObject
FNF:3
FNH:0
FNDA:0,empty
FNDA:0,emptyArray
FNDA:0,emptyObject
DA:1,1
DA:2,1
DA:3,1
DA:4,1
DA:5,0
DA:6,0
DA:7,0
DA:8,0
DA:9,0
DA:10,0
DA:11,0
DA:12,0
DA:13,0
DA:14,1
DA:15,1
DA:16,0
DA:17,0
DA:18,0
DA:19,0
DA:20,1
DA:21,1
DA:22,0
DA:23,0
DA:24,0
DA:25,0
DA:26,1
LF:26
LH:9
BRF:0
BRH:0
end_of_record
